0 info it worked if it ends with ok
1 verbose cli [ '/usr/local/bin/node',
1 verbose cli   '/usr/local/bin/npm',
1 verbose cli   'install',
1 verbose cli   'socket.io' ]
2 info using npm@2.5.1
3 info using node@v0.12.0
4 silly cache add args [ 'socket.io', null ]
5 verbose cache add spec socket.io
6 silly cache add parsed spec { raw: 'socket.io',
6 silly cache add   scope: null,
6 silly cache add   name: 'socket.io',
6 silly cache add   rawSpec: '',
6 silly cache add   spec: '*',
6 silly cache add   type: 'range' }
7 verbose addNamed socket.io@*
8 silly addNamed semver.valid null
9 silly addNamed semver.validRange *
10 silly addNameRange { name: 'socket.io', range: '*', hasData: false }
11 silly mapToRegistry name socket.io
12 silly mapToRegistry using default registry
13 silly mapToRegistry registry https://registry.npmjs.org/
14 silly mapToRegistry uri https://registry.npmjs.org/socket.io
15 verbose addNameRange registry:https://registry.npmjs.org/socket.io not in flight; fetching
16 verbose request uri https://registry.npmjs.org/socket.io
17 verbose request no auth needed
18 info attempt registry request try #1 at 17:53:17
19 verbose request id 14399f4e5be20c4e
20 http request GET https://registry.npmjs.org/socket.io
21 http 200 https://registry.npmjs.org/socket.io
22 silly get cb [ 200,
22 silly get   { server: 'CouchDB/1.5.0 (Erlang OTP/R16B03)',
22 silly get     etag: '"9F3Z5K934QUYPKEOJO8LEGSMJ"',
22 silly get     'content-type': 'application/json',
22 silly get     'cache-control': 'max-age=60',
22 silly get     'content-length': '111623',
22 silly get     'accept-ranges': 'bytes',
22 silly get     date: 'Tue, 09 Jun 2015 17:53:20 GMT',
22 silly get     via: '1.1 varnish',
22 silly get     age: '44',
22 silly get     connection: 'keep-alive',
22 silly get     'x-served-by': 'cache-ams4146-AMS',
22 silly get     'x-cache': 'HIT',
22 silly get     'x-cache-hits': '1',
22 silly get     'x-timer': 'S1433872400.102102,VS0,VE1',
22 silly get     vary: 'Accept' } ]
23 verbose get saving socket.io to /home/pi/.npm/registry.npmjs.org/socket.io/.cache.json
24 silly addNameRange number 2 { name: 'socket.io', range: '*', hasData: true }
25 silly addNameRange versions [ 'socket.io',
25 silly addNameRange   [ '0.3.8',
25 silly addNameRange     '0.4.0',
25 silly addNameRange     '0.4.1',
25 silly addNameRange     '0.5.1',
25 silly addNameRange     '0.5.3',
25 silly addNameRange     '0.6.0',
25 silly addNameRange     '0.6.1',
25 silly addNameRange     '0.6.3',
25 silly addNameRange     '0.6.4',
25 silly addNameRange     '0.6.5',
25 silly addNameRange     '0.6.6',
25 silly addNameRange     '0.6.7',
25 silly addNameRange     '0.6.8',
25 silly addNameRange     '0.6.9',
25 silly addNameRange     '0.6.10',
25 silly addNameRange     '0.6.11',
25 silly addNameRange     '0.6.12',
25 silly addNameRange     '0.6.14',
25 silly addNameRange     '0.6.15',
25 silly addNameRange     '0.6.16',
25 silly addNameRange     '0.6.17',
25 silly addNameRange     '0.6.18',
25 silly addNameRange     '0.7.0',
25 silly addNameRange     '0.7.1',
25 silly addNameRange     '0.7.2',
25 silly addNameRange     '0.7.3',
25 silly addNameRange     '0.7.4',
25 silly addNameRange     '0.7.5',
25 silly addNameRange     '0.7.6',
25 silly addNameRange     '0.7.7',
25 silly addNameRange     '0.7.8',
25 silly addNameRange     '0.7.9',
25 silly addNameRange     '0.7.10',
25 silly addNameRange     '0.7.11',
25 silly addNameRange     '0.8.0',
25 silly addNameRange     '0.8.1',
25 silly addNameRange     '0.8.2',
25 silly addNameRange     '0.8.3',
25 silly addNameRange     '0.8.4',
25 silly addNameRange     '0.8.5',
25 silly addNameRange     '0.8.6',
25 silly addNameRange     '0.8.7',
25 silly addNameRange     '0.9.0',
25 silly addNameRange     '0.9.1',
25 silly addNameRange     '0.9.1-1',
25 silly addNameRange     '0.9.2',
25 silly addNameRange     '0.9.3',
25 silly addNameRange     '0.9.4',
25 silly addNameRange     '0.9.5',
25 silly addNameRange     '0.9.6',
25 silly addNameRange     '0.9.7',
25 silly addNameRange     '0.9.8',
25 silly addNameRange     '0.9.9',
25 silly addNameRange     '0.9.10',
25 silly addNameRange     '0.9.11',
25 silly addNameRange     '0.9.12',
25 silly addNameRange     '0.9.13',
25 silly addNameRange     '0.9.14',
25 silly addNameRange     '0.9.15',
25 silly addNameRange     '0.9.16',
25 silly addNameRange     '1.0.0-pre',
25 silly addNameRange     '1.0.0-pre2',
25 silly addNameRange     '1.0.0-pre3',
25 silly addNameRange     '1.0.0-pre4',
25 silly addNameRange     '1.0.0-pre5',
25 silly addNameRange     '0.9.17',
25 silly addNameRange     '1.0.0',
25 silly addNameRange     '1.0.1',
25 silly addNameRange     '1.0.2',
25 silly addNameRange     '1.0.3',
25 silly addNameRange     '1.0.4',
25 silly addNameRange     '1.0.5',
25 silly addNameRange     '1.0.6',
25 silly addNameRange     '1.1.0',
25 silly addNameRange     '1.2.0',
25 silly addNameRange     '1.2.1',
25 silly addNameRange     '1.3.0',
25 silly addNameRange     '1.3.1',
25 silly addNameRange     '1.3.2',
25 silly addNameRange     '1.3.3',
25 silly addNameRange     '1.3.4',
25 silly addNameRange     '1.3.5' ] ]
26 verbose addNamed socket.io@1.3.5
27 silly addNamed semver.valid 1.3.5
28 silly addNamed semver.validRange 1.3.5
29 silly mapToRegistry name socket.io
30 silly mapToRegistry using default registry
31 silly mapToRegistry registry https://registry.npmjs.org/
32 silly mapToRegistry uri https://registry.npmjs.org/socket.io
33 verbose addRemoteTarball https://registry.npmjs.org/socket.io/-/socket.io-1.3.5.tgz not in flight; adding
34 verbose addRemoteTarball [ 'https://registry.npmjs.org/socket.io/-/socket.io-1.3.5.tgz',
34 verbose addRemoteTarball   'bfd609f37626889e94df9d3526db79a84255f1d8' ]
35 info retry fetch attempt 1 at 17:53:22
36 info attempt registry request try #1 at 17:53:22
37 http fetch GET https://registry.npmjs.org/socket.io/-/socket.io-1.3.5.tgz
38 http fetch 200 https://registry.npmjs.org/socket.io/-/socket.io-1.3.5.tgz
39 silly fetchAndShaCheck shasum bfd609f37626889e94df9d3526db79a84255f1d8
40 verbose addTmpTarball /tmp/npm-2633-aa74c866/registry.npmjs.org/socket.io/-/socket.io-1.3.5.tgz not in flight; adding
41 verbose addTmpTarball already have metadata; skipping unpack for socket.io@1.3.5
42 silly cache afterAdd socket.io@1.3.5
43 verbose afterAdd /home/pi/.npm/socket.io/1.3.5/package/package.json not in flight; writing
44 verbose afterAdd /home/pi/.npm/socket.io/1.3.5/package/package.json written
45 silly install resolved [ { name: 'socket.io',
45 silly install resolved     version: '1.3.5',
45 silly install resolved     description: 'node.js realtime framework server',
45 silly install resolved     keywords:
45 silly install resolved      [ 'realtime',
45 silly install resolved        'framework',
45 silly install resolved        'websocket',
45 silly install resolved        'tcp',
45 silly install resolved        'events',
45 silly install resolved        'socket',
45 silly install resolved        'io' ],
45 silly install resolved     repository: { type: 'git', url: 'git://github.com/Automattic/socket.io' },
45 silly install resolved     scripts: { test: 'mocha --reporter dot --slow 200ms --bail' },
45 silly install resolved     dependencies:
45 silly install resolved      { 'engine.io': '1.5.1',
45 silly install resolved        'socket.io-parser': '2.2.4',
45 silly install resolved        'socket.io-client': '1.3.5',
45 silly install resolved        'socket.io-adapter': '0.3.1',
45 silly install resolved        'has-binary-data': '0.1.3',
45 silly install resolved        debug: '2.1.0' },
45 silly install resolved     devDependencies:
45 silly install resolved      { mocha: '1.16.2',
45 silly install resolved        'expect.js': '0.3.1',
45 silly install resolved        supertest: '0.8.2',
45 silly install resolved        superagent: '0.17.0',
45 silly install resolved        istanbul: '0.2.3' },
45 silly install resolved     contributors: [ [Object], [Object], [Object], [Object] ],
45 silly install resolved     gitHead: '342faf219793fc5c1f130fc33e3fb5422dab516d',
45 silly install resolved     bugs: { url: 'https://github.com/Automattic/socket.io/issues' },
45 silly install resolved     homepage: 'https://github.com/Automattic/socket.io',
45 silly install resolved     _id: 'socket.io@1.3.5',
45 silly install resolved     _shasum: 'bfd609f37626889e94df9d3526db79a84255f1d8',
45 silly install resolved     _from: 'socket.io@*',
45 silly install resolved     _npmVersion: '1.4.28',
45 silly install resolved     _npmUser: { name: 'rauchg', email: 'rauchg@gmail.com' },
45 silly install resolved     maintainers: [ [Object] ],
45 silly install resolved     dist:
45 silly install resolved      { shasum: 'bfd609f37626889e94df9d3526db79a84255f1d8',
45 silly install resolved        tarball: 'http://registry.npmjs.org/socket.io/-/socket.io-1.3.5.tgz' },
45 silly install resolved     directories: {},
45 silly install resolved     _resolved: 'https://registry.npmjs.org/socket.io/-/socket.io-1.3.5.tgz' } ]
46 info install socket.io@1.3.5 into /home/pi/noob
47 info installOne socket.io@1.3.5
48 verbose installOne of socket.io to /home/pi/noob not in flight; installing
49 verbose lock using /home/pi/.npm/_locks/socket-io-136d4cb658dffd5f.lock for /home/pi/noob/node_modules/socket.io
50 silly install write writing socket.io 1.3.5 to /home/pi/noob/node_modules/socket.io
51 silly cache addNamed cb socket.io@1.3.5
52 verbose unbuild node_modules/socket.io
53 info preuninstall socket.io@1.3.4
54 info uninstall socket.io@1.3.4
55 verbose unbuild rmStuff socket.io@1.3.4 from /home/pi/noob/node_modules
56 info postuninstall socket.io@1.3.4
57 verbose gentlyRm vacuuming /home/pi/noob/node_modules/socket.io
58 silly gentlyRm purging /home/pi/noob/node_modules/socket.io
59 verbose unlock done using /home/pi/.npm/_locks/socket-io-136d4cb658dffd5f.lock for /home/pi/noob/node_modules/socket.io
60 verbose stack Error: EACCES, unlink '/home/pi/noob/node_modules/socket.io/node_modules/socket.io-client/node_modules/engine.io-client/node_modules/.bin/wscat'
60 verbose stack     at Error (native)
61 verbose cwd /home/pi/noob
62 error Linux 3.18.7+
63 error argv "/usr/local/bin/node" "/usr/local/bin/npm" "install" "socket.io"
64 error node v0.12.0
65 error npm  v2.5.1
66 error path /home/pi/noob/node_modules/socket.io/node_modules/socket.io-client/node_modules/engine.io-client/node_modules/.bin/wscat
67 error code EACCES
68 error errno -13
69 error Error: EACCES, unlink '/home/pi/noob/node_modules/socket.io/node_modules/socket.io-client/node_modules/engine.io-client/node_modules/.bin/wscat'
69 error     at Error (native)
69 error  { [Error: EACCES, unlink '/home/pi/noob/node_modules/socket.io/node_modules/socket.io-client/node_modules/engine.io-client/node_modules/.bin/wscat']
69 error   errno: -13,
69 error   code: 'EACCES',
69 error   path: '/home/pi/noob/node_modules/socket.io/node_modules/socket.io-client/node_modules/engine.io-client/node_modules/.bin/wscat' }
70 error Please try running this command again as root/Administrator.
71 verbose exit [ -13, true ]
72 verbose unbuild node_modules/socket.io
73 verbose gentlyRm vacuuming /home/pi/noob/node_modules/socket.io
74 silly gentlyRm purging /home/pi/noob/node_modules/socket.io
75 error error rolling back Error: EACCES, unlink '/home/pi/noob/node_modules/socket.io/node_modules/socket.io-client/node_modules/engine.io-client/node_modules/.bin/wscat'
75 error error rolling back     at Error (native)
75 error error rolling back  { [Error: EACCES, unlink '/home/pi/noob/node_modules/socket.io/node_modules/socket.io-client/node_modules/engine.io-client/node_modules/.bin/wscat']
75 error error rolling back   errno: -13,
75 error error rolling back   code: 'EACCES',
75 error error rolling back   path: '/home/pi/noob/node_modules/socket.io/node_modules/socket.io-client/node_modules/engine.io-client/node_modules/.bin/wscat' }
